Traceback (most recent call last):
  File "/data/wiay/federico/PhD/cosmoflow/COSMOFlow/make_scripts/make_events_MLP_Galaxy_catalog_v10.py", line 162, in <module>
    model = load_model(path_models+'models/MLP_models/test_model_combined_O2/model.pth', device = device)
  File "/home/federico/.conda/envs/gwcosmoFlow_env/lib/python3.9/site-packages/poplar/nn/networks.py", line 245, in load_model
    model = pickle.load(pickle_file)
  File "/home/federico/.conda/envs/gwcosmoFlow_env/lib/python3.9/site-packages/dill/_dill.py", line 313, in load
    return Unpickler(file, ignore=ignore, **kwds).load()
  File "/home/federico/.conda/envs/gwcosmoFlow_env/lib/python3.9/site-packages/dill/_dill.py", line 525, in load
    obj = StockUnpickler.load(self)
  File "/home/federico/.conda/envs/gwcosmoFlow_env/lib/python3.9/site-packages/torch/storage.py", line 222, in _load_from_bytes
    return torch.load(io.BytesIO(b))
  File "/home/federico/.conda/envs/gwcosmoFlow_env/lib/python3.9/site-packages/torch/serialization.py", line 713, in load
    return _legacy_load(opened_file, map_location, pickle_module, **pickle_load_args)
  File "/home/federico/.conda/envs/gwcosmoFlow_env/lib/python3.9/site-packages/torch/serialization.py", line 930, in _legacy_load
    result = unpickler.load()
  File "/home/federico/.conda/envs/gwcosmoFlow_env/lib/python3.9/site-packages/torch/serialization.py", line 876, in persistent_load
    wrap_storage=restore_location(obj, location),
  File "/home/federico/.conda/envs/gwcosmoFlow_env/lib/python3.9/site-packages/torch/serialization.py", line 175, in default_restore_location
    result = fn(storage, location)
  File "/home/federico/.conda/envs/gwcosmoFlow_env/lib/python3.9/site-packages/torch/serialization.py", line 152, in _cuda_deserialize
    device = validate_cuda_device(location)
  File "/home/federico/.conda/envs/gwcosmoFlow_env/lib/python3.9/site-packages/torch/serialization.py", line 143, in validate_cuda_device
    raise RuntimeError('Attempting to deserialize object on CUDA device '
RuntimeError: Attempting to deserialize object on CUDA device 2 but torch.cuda.device_count() is 2. Please use torch.load with map_location to map your storages to an existing device.
